<?xml version="1.0" encoding="UTF-8"?>
<testsuite xmlns:xsi="http://www.w3.org/2001/XMLSchema-instance" xsi:noNamespaceSchemaLocation="https://maven.apache.org/surefire/maven-surefire-plugin/xsd/surefire-test-report-3.0.xsd" version="3.0" name="praktikum.tests.CourierCreateTest" time="3.935" tests="4" errors="0" skipped="0" failures="0">
  <properties>
[...]
</properties>
  <testcase name="createCourierWithoutPasswordFails" classname="praktikum.tests.CourierCreateTest" time="2.482"/>
  <testcase name="createDuplicateCourierFails" classname="praktikum.tests.CourierCreateTest" time="0.737"/>
  <testcase name="createCourierWithoutLoginFails" classname="praktikum.tests.CourierCreateTest" time="0.125"/>
  <testcase name="createCourierSuccess" classname="praktikum.tests.CourierCreateTest" time="0.432"/>
</testsuite>